0 info it worked if it ends with ok
1 verbose cli [
1 verbose cli   'C:\\Program Files\\nodejs\\node.exe',
1 verbose cli   'C:\\Users\\jayni\\Documents\\Campus Stuff\\2020\\COS301 Software Engineering\\Capstone Project\\GIT\\Puzzle-Generator\\node_modules\\npm\\bin\\npm-cli.js',
1 verbose cli   'start'
1 verbose cli ]
2 info using npm@2.15.12
3 info using node@v12.16.2
4 verbose run-script [ 'prestart', 'start', 'poststart' ]
5 info prestart nodeapp@0.0.0
6 info start nodeapp@0.0.0
7 verbose unsafe-perm in lifecycle true
8 info nodeapp@0.0.0 Failed to exec start script
9 verbose stack Error: nodeapp@0.0.0 start: `node ./bin/www && ng serv`
9 verbose stack Exit status 1
9 verbose stack     at EventEmitter.<anonymous> (C:\Users\jayni\Documents\Campus Stuff\2020\COS301 Software Engineering\Capstone Project\GIT\Puzzle-Generator\node_modules\npm\lib\utils\lifecycle.js:217:16)
9 verbose stack     at EventEmitter.emit (events.js:310:20)
9 verbose stack     at ChildProcess.<anonymous> (C:\Users\jayni\Documents\Campus Stuff\2020\COS301 Software Engineering\Capstone Project\GIT\Puzzle-Generator\node_modules\npm\lib\utils\spawn.js:24:14)
9 verbose stack     at ChildProcess.emit (events.js:310:20)
9 verbose stack     at maybeClose (internal/child_process.js:1021:16)
9 verbose stack     at Process.ChildProcess._handle.onexit (internal/child_process.js:286:5)
10 verbose pkgid nodeapp@0.0.0
11 verbose cwd C:\Users\jayni\Documents\Campus Stuff\2020\COS301 Software Engineering\Capstone Project\GIT\Puzzle-Generator
12 error Windows_NT 10.0.19041
13 error argv "C:\\Program Files\\nodejs\\node.exe" "C:\\Users\\jayni\\Documents\\Campus Stuff\\2020\\COS301 Software Engineering\\Capstone Project\\GIT\\Puzzle-Generator\\node_modules\\npm\\bin\\npm-cli.js" "start"
14 error node v12.16.2
15 error npm  v2.15.12
16 error code ELIFECYCLE
17 error nodeapp@0.0.0 start: `node ./bin/www && ng serv`
17 error Exit status 1
18 error Failed at the nodeapp@0.0.0 start script 'node ./bin/www && ng serv'.
18 error This is most likely a problem with the nodeapp package,
18 error not with npm itself.
18 error Tell the author that this fails on your system:
18 error     node ./bin/www && ng serv
18 error You can get information on how to open an issue for this project with:
18 error     npm bugs nodeapp
18 error Or if that isn't available, you can get their info via:
18 error
18 error     npm owner ls nodeapp
18 error There is likely additional logging output above.
19 verbose exit [ 1, true ]
